Determining if the pthread_create exist failed with the following output:
Change Dir: /catkin_ws/build/CMakeFiles/CMakeTmp

Run Build Command:"/usr/bin/make" "cmTC_3b50f/fast"
/usr/bin/make -f CMakeFiles/cmTC_3b50f.dir/build.make CMakeFiles/cmTC_3b50f.dir/build
make[1]: Entering directory '/catkin_ws/build/CMakeFiles/CMakeTmp'
Building C object CMakeFiles/cmTC_3b50f.dir/CheckSymbolExists.c.o
/usr/bin/cc     -o CMakeFiles/cmTC_3b50f.dir/CheckSymbolExists.c.o   -c /catkin_ws/build/CMakeFiles/CMakeTmp/CheckSymbolExists.c
Linking C executable cmTC_3b50f
/usr/bin/cmake -E cmake_link_script CMakeFiles/cmTC_3b50f.dir/link.txt --verbose=1
/usr/bin/cc       CMakeFiles/cmTC_3b50f.dir/CheckSymbolExists.c.o  -o cmTC_3b50f -rdynamic 
CMakeFiles/cmTC_3b50f.dir/CheckSymbolExists.c.o: In function `main':
CheckSymbolExists.c:(.text+0x16): undefined reference to `pthread_create'
collect2: error: ld returned 1 exit status
CMakeFiles/cmTC_3b50f.dir/build.make:97: recipe for target 'cmTC_3b50f' failed
make[1]: *** [cmTC_3b50f] Error 1
make[1]: Leaving directory '/catkin_ws/build/CMakeFiles/CMakeTmp'
Makefile:126: recipe for target 'cmTC_3b50f/fast' failed
make: *** [cmTC_3b50f/fast] Error 2

File /catkin_ws/build/CMakeFiles/CMakeTmp/CheckSymbolExists.c:
/* */
#include <pthread.h>

int main(int argc, char** argv)
{
  (void)argv;
#ifndef pthread_create
  return ((int*)(&pthread_create))[argc];
#else
  (void)argc;
  return 0;
#endif
}

Determining if the function pthread_create exists in the pthreads failed with the following output:
Change Dir: /catkin_ws/build/CMakeFiles/CMakeTmp

Run Build Command:"/usr/bin/make" "cmTC_691ca/fast"
/usr/bin/make -f CMakeFiles/cmTC_691ca.dir/build.make CMakeFiles/cmTC_691ca.dir/build
make[1]: Entering directory '/catkin_ws/build/CMakeFiles/CMakeTmp'
Building C object CMakeFiles/cmTC_691ca.dir/CheckFunctionExists.c.o
/usr/bin/cc    -DCHECK_FUNCTION_EXISTS=pthread_create   -o CMakeFiles/cmTC_691ca.dir/CheckFunctionExists.c.o   -c /usr/share/cmake-3.5/Modules/CheckFunctionExists.c
Linking C executable cmTC_691ca
/usr/bin/cmake -E cmake_link_script CMakeFiles/cmTC_691ca.dir/link.txt --verbose=1
/usr/bin/cc   -DCHECK_FUNCTION_EXISTS=pthread_create    CMakeFiles/cmTC_691ca.dir/CheckFunctionExists.c.o  -o cmTC_691ca -rdynamic -lpthreads 
/usr/bin/ld: cannot find -lpthreads
collect2: error: ld returned 1 exit status
CMakeFiles/cmTC_691ca.dir/build.make:97: recipe for target 'cmTC_691ca' failed
make[1]: *** [cmTC_691ca] Error 1
make[1]: Leaving directory '/catkin_ws/build/CMakeFiles/CMakeTmp'
Makefile:126: recipe for target 'cmTC_691ca/fast' failed
make: *** [cmTC_691ca/fast] Error 2


